<?xml version="1.0" encoding="UTF-8" ?>
<testsuite failures="0" time="0.884" errors="2" skipped="0" tests="2" name="org.uca.gii.ebean.persistence.TestCategories">
  <properties>
[...]
</properties>
  <testcase time="0.778" classname="org.uca.gii.ebean.persistence.TestCategories" name="insertCategory">
    <error message="org.uca.gii.ebean.data.Category is NOT an Entity Bean registered with this server?" type="javax.persistence.PersistenceException">javax.persistence.PersistenceException: org.uca.gii.ebean.data.Category is NOT an Entity Bean registered with this server?
	at com.avaje.ebeaninternal.server.core.DefaultServer.createQuery(DefaultServer.java:1008)
	at com.avaje.ebeaninternal.server.core.DefaultServer.createQuery(DefaultServer.java:965)
	at com.avaje.ebeaninternal.server.core.DefaultServer.find(DefaultServer.java:1001)
	at com.avaje.ebean.Ebean.find(Ebean.java:1143)
	at org.uca.gii.ebean.dao.ConsultaBDImpl.getCategories(ConsultaBDImpl.java:34)
	at org.uca.gii.ebean.persistence.TestCategories.insertCategory(TestCategories.java:17)
	at sun.reflect.NativeMethodAccessorImpl.invoke0(Native Method)
	at sun.reflect.NativeMethodAccessorImpl.invoke(NativeMethodAccessorImpl.java:57)
	at sun.reflect.DelegatingMethodAccessorImpl.invoke(DelegatingMethodAccessorImpl.java:43)
	at java.lang.reflect.Method.invoke(Method.java:606)
	at org.junit.runners.model.FrameworkMethod$1.runReflectiveCall(FrameworkMethod.java:44)
	at org.junit.internal.runners.model.ReflectiveCallable.run(ReflectiveCallable.java:15)
	at org.junit.runners.model.FrameworkMethod.invokeExplosively(FrameworkMethod.java:41)
	at org.junit.internal.runners.statements.InvokeMethod.evaluate(InvokeMethod.java:20)
	at org.junit.internal.runners.statements.RunBefores.evaluate(RunBefores.java:28)
	at org.junit.internal.runners.statements.RunAfters.evaluate(RunAfters.java:31)
	at org.junit.runners.BlockJUnit4ClassRunner.runChild(BlockJUnit4ClassRunner.java:73)
	at org.junit.runners.BlockJUnit4ClassRunner.runChild(BlockJUnit4ClassRunner.java:46)
	at org.junit.runners.ParentRunner.runChildren(ParentRunner.java:180)
	at org.junit.runners.ParentRunner.access$000(ParentRunner.java:41)
	at org.junit.runners.ParentRunner$1.evaluate(ParentRunner.java:173)
	at org.junit.internal.runners.statements.RunBefores.evaluate(RunBefores.java:28)
	at org.junit.internal.runners.statements.RunAfters.evaluate(RunAfters.java:31)
	at org.junit.runners.ParentRunner.run(ParentRunner.java:220)
	at org.apache.maven.surefire.junit4.JUnit4TestSet.execute(JUnit4TestSet.java:53)
	at org.apache.maven.surefire.junit4.JUnit4Provider.executeTestSet(JUnit4Provider.java:123)
	at org.apache.maven.surefire.junit4.JUnit4Provider.invoke(JUnit4Provider.java:104)
	at sun.reflect.NativeMethodAccessorImpl.invoke0(Native Method)
	at sun.reflect.NativeMethodAccessorImpl.invoke(NativeMethodAccessorImpl.java:57)
	at sun.reflect.DelegatingMethodAccessorImpl.invoke(DelegatingMethodAccessorImpl.java:43)
	at java.lang.reflect.Method.invoke(Method.java:606)
	at org.apache.maven.surefire.util.ReflectionUtils.invokeMethodWithArray(ReflectionUtils.java:164)
	at org.apache.maven.surefire.booter.ProviderFactory$ProviderProxy.invoke(ProviderFactory.java:110)
	at org.apache.maven.surefire.booter.SurefireStarter.invokeProvider(SurefireStarter.java:175)
	at org.apache.maven.surefire.booter.SurefireStarter.runSuitesInProcessWhenForked(SurefireStarter.java:107)
	at org.apache.maven.surefire.booter.ForkedBooter.main(ForkedBooter.java:68)
</error>
    <system-err>ago 08, 2013 1:03:23 AM com.avaje.ebeaninternal.server.util.ClassPathSearch findClasses
WARNING: No Entities found in ClassPath using ClassPathReader [com.avaje.ebeaninternal.server.util.DefaultClassPathReader@c4ef1] Classpath Searched[[file:/home/dmolina/Trabajo/current/streaming/prototypes/ebean/target/surefire/surefirebooter1250907854260019363.jar]]
ago 08, 2013 1:03:23 AM com.avaje.ebeaninternal.server.core.BootupClassPathSearch search
INFO: Classpath search hits in jars[] pkgs[]  searchTime[21]
ago 08, 2013 1:03:23 AM com.avaje.ebeaninternal.server.lib.sql.DataSourcePool initialise
INFO: DataSourcePool [pg] autoCommit[false] transIsolation[READ_COMMITTED] min[0] max[20]
ago 08, 2013 1:03:23 AM com.avaje.ebeaninternal.server.lib.sql.PooledConnectionQueue _getPooledConnection
INFO: DataSourcePool [pg] grow; id[pg.0] busy[1] max[20]
ago 08, 2013 1:03:23 AM com.avaje.ebeaninternal.server.core.DefaultServerFactory setDatabasePlatform
INFO: DatabasePlatform name:pg platform:postgres
ago 08, 2013 1:03:23 AM com.avaje.ebeaninternal.server.subclass.SubClassManager$1 run
INFO: SubClassFactory parent ClassLoader [sun.misc.Launcher$AppClassLoader]
ago 08, 2013 1:03:23 AM com.avaje.ebeaninternal.server.deploy.BeanDescriptorManager logStatus
INFO: Entities enhanced[0] subclassed[0]
</system-err>
  </testcase>
  <testcase time="0.024" classname="org.uca.gii.ebean.persistence.TestCategories" name="insertCategories">
    <error message="org.uca.gii.ebean.data.Category is NOT an Entity Bean registered with this server?" type="javax.persistence.PersistenceException">javax.persistence.PersistenceException: org.uca.gii.ebean.data.Category is NOT an Entity Bean registered with this server?
	at com.avaje.ebeaninternal.server.core.DefaultServer.createQuery(DefaultServer.java:1008)
	at com.avaje.ebeaninternal.server.core.DefaultServer.createQuery(DefaultServer.java:965)
	at com.avaje.ebeaninternal.server.core.DefaultServer.find(DefaultServer.java:1001)
	at com.avaje.ebean.Ebean.find(Ebean.java:1143)
	at org.uca.gii.ebean.dao.ConsultaBDImpl.getCategories(ConsultaBDImpl.java:34)
	at org.uca.gii.ebean.persistence.TestCategories.insertCategories(TestCategories.java:26)
	at sun.reflect.NativeMethodAccessorImpl.invoke0(Native Method)
	at sun.reflect.NativeMethodAccessorImpl.invoke(NativeMethodAccessorImpl.java:57)
	at sun.reflect.DelegatingMethodAccessorImpl.invoke(DelegatingMethodAccessorImpl.java:43)
	at java.lang.reflect.Method.invoke(Method.java:606)
	at org.junit.runners.model.FrameworkMethod$1.runReflectiveCall(FrameworkMethod.java:44)
	at org.junit.internal.runners.model.ReflectiveCallable.run(ReflectiveCallable.java:15)
	at org.junit.runners.model.FrameworkMethod.invokeExplosively(FrameworkMethod.java:41)
	at org.junit.internal.runners.statements.InvokeMethod.evaluate(InvokeMethod.java:20)
	at org.junit.internal.runners.statements.RunBefores.evaluate(RunBefores.java:28)
	at org.junit.internal.runners.statements.RunAfters.evaluate(RunAfters.java:31)
	at org.junit.runners.BlockJUnit4ClassRunner.runChild(BlockJUnit4ClassRunner.java:73)
	at org.junit.runners.BlockJUnit4ClassRunner.runChild(BlockJUnit4ClassRunner.java:46)
	at org.junit.runners.ParentRunner.runChildren(ParentRunner.java:180)
	at org.junit.runners.ParentRunner.access$000(ParentRunner.java:41)
	at org.junit.runners.ParentRunner$1.evaluate(ParentRunner.java:173)
	at org.junit.internal.runners.statements.RunBefores.evaluate(RunBefores.java:28)
	at org.junit.internal.runners.statements.RunAfters.evaluate(RunAfters.java:31)
	at org.junit.runners.ParentRunner.run(ParentRunner.java:220)
	at org.apache.maven.surefire.junit4.JUnit4TestSet.execute(JUnit4TestSet.java:53)
	at org.apache.maven.surefire.junit4.JUnit4Provider.executeTestSet(JUnit4Provider.java:123)
	at org.apache.maven.surefire.junit4.JUnit4Provider.invoke(JUnit4Provider.java:104)
	at sun.reflect.NativeMethodAccessorImpl.invoke0(Native Method)
	at sun.reflect.NativeMethodAccessorImpl.invoke(NativeMethodAccessorImpl.java:57)
	at sun.reflect.DelegatingMethodAccessorImpl.invoke(DelegatingMethodAccessorImpl.java:43)
	at java.lang.reflect.Method.invoke(Method.java:606)
	at org.apache.maven.surefire.util.ReflectionUtils.invokeMethodWithArray(ReflectionUtils.java:164)
	at org.apache.maven.surefire.booter.ProviderFactory$ProviderProxy.invoke(ProviderFactory.java:110)
	at org.apache.maven.surefire.booter.SurefireStarter.invokeProvider(SurefireStarter.java:175)
	at org.apache.maven.surefire.booter.SurefireStarter.runSuitesInProcessWhenForked(SurefireStarter.java:107)
	at org.apache.maven.surefire.booter.ForkedBooter.main(ForkedBooter.java:68)
</error>
  </testcase>
</testsuite>